<?xml version="1.0" encoding="UTF-8"?>
<!-- Generated by org.testng.reporters.JUnitXMLReporter -->
<testsuite hostname="DESKTOP-BA319U8" ignored="0" name="Default test" tests="3" failures="0" timestamp="26 Nov 2019 16:02:35 GMT" time="0.036" errors="0">
  <testcase name="f" time="0.008" classname="Console.FirstMavenProject.NewTest3"/>
  <testcase name="f2" time="0.0" classname="Console.FirstMavenProject.NewTest3"/>
  <testcase name="f3" time="0.0" classname="Console.FirstMavenProject.NewTest3"/>
</testsuite> <!-- Default test -->
