<?xml version="1.0" encoding="UTF-8"?>
<!-- Generated by org.testng.reporters.JUnitXMLReporter -->
<testsuite hostname="DESKTOP-BA319U8" ignored="3" name="RegressionTest" tests="2" failures="0" timestamp="26 Nov 2019 12:56:42 GMT" time="0.036" errors="0">
  <testcase name="f" time="0.008" classname="Console.FirstMavenProject.NewTest3"/>
  <testcase name="f" time="0.004" classname="Console.FirstMavenProject.NewTest4"/>
  <testcase name="@AfterTest afterTest" time="0.0" classname="Console.FirstMavenProject.SeleniumAbstractTest">
    <ignored/>
  </testcase> <!-- @AfterTest afterTest -->
  <testcase name="@BeforeTest beforeTest" time="0.0" classname="Console.FirstMavenProject.SeleniumAbstractTest">
    <ignored/>
  </testcase> <!-- @BeforeTest beforeTest -->
  <testcase name="@BeforeSuite beforeSuite" time="0.0" classname="Console.FirstMavenProject.SeleniumAbstractTest">
    <ignored/>
  </testcase> <!-- @BeforeSuite beforeSuite -->
</testsuite> <!-- RegressionTest -->
