<?xml version="1.0" encoding="UTF-8"?>
<testng-results skipped="0" failed="0" ignored="0" total="3" passed="3">
  <reporter-output>
  </reporter-output>
  <suite name="Suite" duration-ms="27" started-at="2019-11-26T13:44:08Z" finished-at="2019-11-26T13:44:08Z">
    <groups>
    </groups>
    <test name="RegressionTest1" duration-ms="27" started-at="2019-11-26T13:44:08Z" finished-at="2019-11-26T13:44:08Z">
      <class name="Console.FirstMavenProject.NewTest3">
        <test-method status="PASS" signature="beforeSuite()[pri:0, instance:Console.FirstMavenProject.NewTest3@96532d6]" name="beforeSuite" is-config="true" duration-ms="12" started-at="2019-11-26T13:44:08Z" finished-at="2019-11-26T13:44:08Z">
          <reporter-output>
          </reporter-output>
        </test-method> <!-- beforeSuite -->
        <test-method status="PASS" signature="beforeTest()[pri:0, instance:Console.FirstMavenProject.NewTest3@96532d6]" name="beforeTest" is-config="true" duration-ms="0" started-at="2019-11-26T13:44:08Z" finished-at="2019-11-26T13:44:08Z">
          <reporter-output>
          </reporter-output>
        </test-method> <!-- beforeTest -->
        <test-method status="PASS" signature="beforeClass()[pri:0, instance:Console.FirstMavenProject.NewTest3@96532d6]" name="beforeClass" is-config="true" duration-ms="0" started-at="2019-11-26T13:44:08Z" finished-at="2019-11-26T13:44:08Z">
          <reporter-output>
          </reporter-output>
        </test-method> <!-- beforeClass -->
        <test-method status="PASS" signature="beforeMethod()[pri:0, instance:Console.FirstMavenProject.NewTest3@96532d6]" name="beforeMethod" is-config="true" duration-ms="0" started-at="2019-11-26T13:44:08Z" finished-at="2019-11-26T13:44:08Z">
          <reporter-output>
          </reporter-output>
        </test-method> <!-- beforeMethod -->
        <test-method status="PASS" signature="f()[pri:0, instance:Console.FirstMavenProject.NewTest3@96532d6]" name="f" duration-ms="3" started-at="2019-11-26T13:44:08Z" finished-at="2019-11-26T13:44:08Z">
          <reporter-output>
          </reporter-output>
        </test-method> <!-- f -->
        <test-method status="PASS" signature="afterMethod()[pri:0, instance:Console.FirstMavenProject.NewTest3@96532d6]" name="afterMethod" is-config="true" duration-ms="0" started-at="2019-11-26T13:44:08Z" finished-at="2019-11-26T13:44:08Z">
          <reporter-output>
          </reporter-output>
        </test-method> <!-- afterMethod -->
        <test-method status="PASS" signature="beforeMethod()[pri:0, instance:Console.FirstMavenProject.NewTest3@96532d6]" name="beforeMethod" is-config="true" duration-ms="0" started-at="2019-11-26T13:44:08Z" finished-at="2019-11-26T13:44:08Z">
          <reporter-output>
          </reporter-output>
        </test-method> <!-- beforeMethod -->
        <test-method status="PASS" signature="f2()[pri:0, instance:Console.FirstMavenProject.NewTest3@96532d6]" name="f2" duration-ms="0" started-at="2019-11-26T13:44:08Z" finished-at="2019-11-26T13:44:08Z">
          <reporter-output>
          </reporter-output>
        </test-method> <!-- f2 -->
        <test-method status="PASS" signature="afterMethod()[pri:0, instance:Console.FirstMavenProject.NewTest3@96532d6]" name="afterMethod" is-config="true" duration-ms="0" started-at="2019-11-26T13:44:08Z" finished-at="2019-11-26T13:44:08Z">
          <reporter-output>
          </reporter-output>
        </test-method> <!-- afterMethod -->
        <test-method status="PASS" signature="afterMethod()[pri:0, instance:Console.FirstMavenProject.NewTest3@96532d6]" name="afterMethod" is-config="true" duration-ms="0" started-at="2019-11-26T13:44:08Z" finished-at="2019-11-26T13:44:08Z">
          <reporter-output>
          </reporter-output>
        </test-method> <!-- afterMethod -->
        <test-method status="PASS" signature="f3()[pri:0, instance:Console.FirstMavenProject.NewTest3@96532d6]" name="f3" duration-ms="0" started-at="2019-11-26T13:44:08Z" finished-at="2019-11-26T13:44:08Z">
          <reporter-output>
          </reporter-output>
        </test-method> <!-- f3 -->
        <test-method status="PASS" signature="beforeMethod()[pri:0, instance:Console.FirstMavenProject.NewTest3@96532d6]" name="beforeMethod" is-config="true" duration-ms="0" started-at="2019-11-26T13:44:08Z" finished-at="2019-11-26T13:44:08Z">
          <reporter-output>
          </reporter-output>
        </test-method> <!-- beforeMethod -->
        <test-method status="PASS" signature="afterClass()[pri:0, instance:Console.FirstMavenProject.NewTest3@96532d6]" name="afterClass" is-config="true" duration-ms="0" started-at="2019-11-26T13:44:08Z" finished-at="2019-11-26T13:44:08Z">
          <reporter-output>
          </reporter-output>
        </test-method> <!-- afterClass -->
        <test-method status="PASS" signature="afterTest()[pri:0, instance:Console.FirstMavenProject.NewTest3@96532d6]" name="afterTest" is-config="true" duration-ms="0" started-at="2019-11-26T13:44:08Z" finished-at="2019-11-26T13:44:08Z">
          <reporter-output>
          </reporter-output>
        </test-method> <!-- afterTest -->
        <test-method status="PASS" signature="afterSuite()[pri:0, instance:Console.FirstMavenProject.NewTest3@96532d6]" name="afterSuite" is-config="true" duration-ms="0" started-at="2019-11-26T13:44:08Z" finished-at="2019-11-26T13:44:08Z">
          <reporter-output>
          </reporter-output>
        </test-method> <!-- afterSuite -->
      </class> <!-- Console.FirstMavenProject.NewTest3 -->
    </test> <!-- RegressionTest1 -->
  </suite> <!-- Suite -->
</testng-results>
