<?xml version="1.0" encoding="UTF-8"?>
<testng-results skipped="0" failed="0" ignored="4" total="9" passed="5">
  <reporter-output>
  </reporter-output>
  <suite name="Suite" duration-ms="116" started-at="2019-11-26T16:05:31Z" finished-at="2019-11-26T16:05:31Z">
    <groups>
    </groups>
    <test name="RegressionTest1" duration-ms="60" started-at="2019-11-26T16:05:31Z" finished-at="2019-11-26T16:05:31Z">
      <class name="Console.FirstMavenProject.NewTest3">
        <test-method status="PASS" signature="beforeTest()[pri:0, instance:Console.FirstMavenProject.NewTest3@62ee68d8]" name="beforeTest" is-config="true" duration-ms="0" started-at="2019-11-26T16:05:31Z" finished-at="2019-11-26T16:05:31Z">
          <reporter-output>
          </reporter-output>
        </test-method> <!-- beforeTest -->
        <test-method status="PASS" signature="beforeClass()[pri:0, instance:Console.FirstMavenProject.NewTest3@62ee68d8]" name="beforeClass" is-config="true" duration-ms="0" started-at="2019-11-26T16:05:31Z" finished-at="2019-11-26T16:05:31Z">
          <reporter-output>
          </reporter-output>
        </test-method> <!-- beforeClass -->
        <test-method status="PASS" signature="f()[pri:0, instance:Console.FirstMavenProject.NewTest3@62ee68d8]" name="f" duration-ms="8" started-at="2019-11-26T16:05:31Z" finished-at="2019-11-26T16:05:31Z">
          <reporter-output>
          </reporter-output>
        </test-method> <!-- f -->
        <test-method status="PASS" signature="beforeMethod()[pri:0, instance:Console.FirstMavenProject.NewTest3@62ee68d8]" name="beforeMethod" is-config="true" duration-ms="0" started-at="2019-11-26T16:05:31Z" finished-at="2019-11-26T16:05:31Z">
          <reporter-output>
          </reporter-output>
        </test-method> <!-- beforeMethod -->
        <test-method status="PASS" signature="afterMethod()[pri:0, instance:Console.FirstMavenProject.NewTest3@62ee68d8]" name="afterMethod" is-config="true" duration-ms="0" started-at="2019-11-26T16:05:31Z" finished-at="2019-11-26T16:05:31Z">
          <reporter-output>
          </reporter-output>
        </test-method> <!-- afterMethod -->
        <test-method status="PASS" signature="f2()[pri:0, instance:Console.FirstMavenProject.NewTest3@62ee68d8]" name="f2" duration-ms="4" started-at="2019-11-26T16:05:31Z" finished-at="2019-11-26T16:05:31Z">
          <reporter-output>
          </reporter-output>
        </test-method> <!-- f2 -->
        <test-method status="PASS" signature="beforeMethod()[pri:0, instance:Console.FirstMavenProject.NewTest3@62ee68d8]" name="beforeMethod" is-config="true" duration-ms="0" started-at="2019-11-26T16:05:31Z" finished-at="2019-11-26T16:05:31Z">
          <reporter-output>
          </reporter-output>
        </test-method> <!-- beforeMethod -->
        <test-method status="PASS" signature="f3()[pri:0, instance:Console.FirstMavenProject.NewTest3@62ee68d8]" name="f3" duration-ms="0" started-at="2019-11-26T16:05:31Z" finished-at="2019-11-26T16:05:31Z">
          <reporter-output>
          </reporter-output>
        </test-method> <!-- f3 -->
        <test-method status="PASS" signature="afterMethod()[pri:0, instance:Console.FirstMavenProject.NewTest3@62ee68d8]" name="afterMethod" is-config="true" duration-ms="0" started-at="2019-11-26T16:05:31Z" finished-at="2019-11-26T16:05:31Z">
          <reporter-output>
          </reporter-output>
        </test-method> <!-- afterMethod -->
        <test-method status="PASS" signature="beforeMethod()[pri:0, instance:Console.FirstMavenProject.NewTest3@62ee68d8]" name="beforeMethod" is-config="true" duration-ms="0" started-at="2019-11-26T16:05:31Z" finished-at="2019-11-26T16:05:31Z">
          <reporter-output>
          </reporter-output>
        </test-method> <!-- beforeMethod -->
        <test-method status="PASS" signature="afterClass()[pri:0, instance:Console.FirstMavenProject.NewTest3@62ee68d8]" name="afterClass" is-config="true" duration-ms="0" started-at="2019-11-26T16:05:31Z" finished-at="2019-11-26T16:05:31Z">
          <reporter-output>
          </reporter-output>
        </test-method> <!-- afterClass -->
        <test-method status="PASS" signature="afterMethod()[pri:0, instance:Console.FirstMavenProject.NewTest3@62ee68d8]" name="afterMethod" is-config="true" duration-ms="0" started-at="2019-11-26T16:05:31Z" finished-at="2019-11-26T16:05:31Z">
          <reporter-output>
          </reporter-output>
        </test-method> <!-- afterMethod -->
        <test-method status="PASS" signature="afterTest()[pri:0, instance:Console.FirstMavenProject.NewTest3@62ee68d8]" name="afterTest" is-config="true" duration-ms="0" started-at="2019-11-26T16:05:31Z" finished-at="2019-11-26T16:05:31Z">
          <reporter-output>
          </reporter-output>
        </test-method> <!-- afterTest -->
      </class> <!-- Console.FirstMavenProject.NewTest3 -->
      <class name="Console.FirstMavenProject.NewTest4">
        <test-method status="PASS" signature="beforeMethod()[pri:0, instance:Console.FirstMavenProject.NewTest4@735b5592]" name="beforeMethod" is-config="true" duration-ms="4" started-at="2019-11-26T16:05:31Z" finished-at="2019-11-26T16:05:31Z">
          <reporter-output>
          </reporter-output>
        </test-method> <!-- beforeMethod -->
        <test-method status="PASS" signature="beforeClass()[pri:0, instance:Console.FirstMavenProject.NewTest4@735b5592]" name="beforeClass" is-config="true" duration-ms="0" started-at="2019-11-26T16:05:31Z" finished-at="2019-11-26T16:05:31Z">
          <reporter-output>
          </reporter-output>
        </test-method> <!-- beforeClass -->
        <test-method status="PASS" signature="f()[pri:0, instance:Console.FirstMavenProject.NewTest4@735b5592]" name="f" duration-ms="4" started-at="2019-11-26T16:05:31Z" finished-at="2019-11-26T16:05:31Z">
          <reporter-output>
          </reporter-output>
        </test-method> <!-- f -->
        <test-method status="PASS" signature="afterClass()[pri:0, instance:Console.FirstMavenProject.NewTest4@735b5592]" name="afterClass" is-config="true" duration-ms="4" started-at="2019-11-26T16:05:31Z" finished-at="2019-11-26T16:05:31Z">
          <reporter-output>
          </reporter-output>
        </test-method> <!-- afterClass -->
        <test-method status="PASS" signature="afterMethod()[pri:0, instance:Console.FirstMavenProject.NewTest4@735b5592]" name="afterMethod" is-config="true" duration-ms="0" started-at="2019-11-26T16:05:31Z" finished-at="2019-11-26T16:05:31Z">
          <reporter-output>
          </reporter-output>
        </test-method> <!-- afterMethod -->
      </class> <!-- Console.FirstMavenProject.NewTest4 -->
    </test> <!-- RegressionTest1 -->
    <test name="RegressionTest2" duration-ms="8" started-at="2019-11-26T16:05:31Z" finished-at="2019-11-26T16:05:31Z">
      <class name="Console.FirstMavenProject.NewTest4">
        <test-method status="PASS" signature="beforeSuite()[pri:0, instance:Console.FirstMavenProject.NewTest4@14acaea5]" name="beforeSuite" is-config="true" duration-ms="12" started-at="2019-11-26T16:05:31Z" finished-at="2019-11-26T16:05:31Z">
          <reporter-output>
          </reporter-output>
        </test-method> <!-- beforeSuite -->
        <test-method status="PASS" signature="beforeTest()[pri:0, instance:Console.FirstMavenProject.NewTest4@14acaea5]" name="beforeTest" is-config="true" duration-ms="4" started-at="2019-11-26T16:05:31Z" finished-at="2019-11-26T16:05:31Z">
          <reporter-output>
          </reporter-output>
        </test-method> <!-- beforeTest -->
        <test-method status="PASS" signature="f()[pri:0, instance:Console.FirstMavenProject.NewTest4@14acaea5]" name="f" duration-ms="0" started-at="2019-11-26T16:05:31Z" finished-at="2019-11-26T16:05:31Z">
          <reporter-output>
          </reporter-output>
        </test-method> <!-- f -->
        <test-method status="PASS" signature="beforeMethod()[pri:0, instance:Console.FirstMavenProject.NewTest4@14acaea5]" name="beforeMethod" is-config="true" duration-ms="0" started-at="2019-11-26T16:05:31Z" finished-at="2019-11-26T16:05:31Z">
          <reporter-output>
          </reporter-output>
        </test-method> <!-- beforeMethod -->
        <test-method status="PASS" signature="afterMethod()[pri:0, instance:Console.FirstMavenProject.NewTest4@14acaea5]" name="afterMethod" is-config="true" duration-ms="4" started-at="2019-11-26T16:05:31Z" finished-at="2019-11-26T16:05:31Z">
          <reporter-output>
          </reporter-output>
        </test-method> <!-- afterMethod -->
        <test-method status="PASS" signature="beforeClass()[pri:0, instance:Console.FirstMavenProject.NewTest4@14acaea5]" name="beforeClass" is-config="true" duration-ms="0" started-at="2019-11-26T16:05:31Z" finished-at="2019-11-26T16:05:31Z">
          <reporter-output>
          </reporter-output>
        </test-method> <!-- beforeClass -->
        <test-method status="PASS" signature="afterClass()[pri:0, instance:Console.FirstMavenProject.NewTest4@14acaea5]" name="afterClass" is-config="true" duration-ms="0" started-at="2019-11-26T16:05:31Z" finished-at="2019-11-26T16:05:31Z">
          <reporter-output>
          </reporter-output>
        </test-method> <!-- afterClass -->
        <test-method status="PASS" signature="afterTest()[pri:0, instance:Console.FirstMavenProject.NewTest4@14acaea5]" name="afterTest" is-config="true" duration-ms="0" started-at="2019-11-26T16:05:31Z" finished-at="2019-11-26T16:05:31Z">
          <reporter-output>
          </reporter-output>
        </test-method> <!-- afterTest -->
        <test-method status="PASS" signature="afterSuite()[pri:0, instance:Console.FirstMavenProject.NewTest4@14acaea5]" name="afterSuite" is-config="true" duration-ms="4" started-at="2019-11-26T16:05:31Z" finished-at="2019-11-26T16:05:31Z">
          <reporter-output>
          </reporter-output>
        </test-method> <!-- afterSuite -->
      </class> <!-- Console.FirstMavenProject.NewTest4 -->
    </test> <!-- RegressionTest2 -->
  </suite> <!-- Suite -->
</testng-results>
